# JRE version: OpenJDK Runtime Environment (11.0.6+10) (build 11.0.6+10-post-Ubuntu-1ubuntu118.04.1)
# Java VM: OpenJDK 64-Bit Server VM (11.0.6+10-post-Ubuntu-1ubuntu118.04.1, mixed mode, sharing, tiered, compressed oops, g1 gc, linux-amd64)
Heap:
 garbage-first heap   total 209920K, used 30128K [0x0000000084600000, 0x0000000100000000)
  region size 1024K, 12 young (12288K), 10 survivors (10240K)
 Metaspace       used 70190K, capacity 72116K, committed 72272K, reserved 1112064K
  class space    used 9110K, capacity 9849K, committed 9932K, reserved 1048576K
GC Heap History (20 events):
Event: 1,127 GC heap before
{Heap before GC invocations=2 (full 0):
 garbage-first heap   total 129024K, used 75760K [0x0000000084600000, 0x0000000100000000)
  region size 1024K, 74 young (75776K), 4 survivors (4096K)
 Metaspace       used 12377K, capacity 13211K, committed 13440K, reserved 1060864K
  class space    used 1647K, capacity 1844K, committed 1920K, reserved 1048576K
}
Event: 1,134 GC heap after
{Heap after GC invocations=3 (full 0):
 garbage-first heap   total 129024K, used 5828K [0x0000000084600000, 0x0000000100000000)
  region size 1024K, 5 young (5120K), 5 survivors (5120K)
 Metaspace       used 12377K, capacity 13211K, committed 13440K, reserved 1060864K
  class space    used 1647K, capacity 1844K, committed 1920K, reserved 1048576K
}
Event: 1,445 GC heap before
{Heap before GC invocations=3 (full 0):
 garbage-first heap   total 129024K, used 76484K [0x0000000084600000, 0x0000000100000000)
  region size 1024K, 74 young (75776K), 5 survivors (5120K)
 Metaspace       used 18595K, capacity 19256K, committed 19584K, reserved 1067008K
  class space    used 2385K, capacity 2640K, committed 2688K, reserved 1048576K
}
Event: 1,453 GC heap after
{Heap after GC invocations=4 (full 0):
 garbage-first heap   total 129024K, used 7702K [0x0000000084600000, 0x0000000100000000)
  region size 1024K, 7 young (7168K), 7 survivors (7168K)
 Metaspace       used 18595K, capacity 19256K, committed 19584K, reserved 1067008K
  class space    used 2385K, capacity 2640K, committed 2688K, reserved 1048576K
}
Event: 1,797 GC heap before
{Heap before GC invocations=4 (full 0):
 garbage-first heap   total 129024K, used 52758K [0x0000000084600000, 0x0000000100000000)
  region size 1024K, 52 young (53248K), 7 survivors (7168K)
 Metaspace       used 20539K, capacity 21257K, committed 21296K, reserved 1067008K
  class space    used 2639K, capacity 2915K, committed 2944K, reserved 1048576K
}
Event: 1,810 GC heap after
{Heap after GC invocations=5 (full 0):
 garbage-first heap   total 162816K, used 8727K [0x0000000084600000, 0x0000000100000000)
  region size 1024K, 7 young (7168K), 7 survivors (7168K)
 Metaspace       used 20539K, capacity 21257K, committed 21296K, reserved 1067008K
  class space    used 2639K, capacity 2915K, committed 2944K, reserved 1048576K
}
Event: 2,798 GC heap before
{Heap before GC invocations=6 (full 0):
 garbage-first heap   total 162816K, used 98839K [0x0000000084600000, 0x0000000100000000)
  region size 1024K, 95 young (97280K), 7 survivors (7168K)
 Metaspace       used 29111K, capacity 30079K, committed 30204K, reserved 1075200K
  class space    used 3729K, capacity 4113K, committed 4172K, reserved 1048576K
}
Event: 2,813 GC heap after
{Heap after GC invocations=7 (full 0):
 garbage-first heap   total 162816K, used 12197K [0x0000000084600000, 0x0000000100000000)
  region size 1024K, 10 young (10240K), 10 survivors (10240K)
 Metaspace       used 29111K, capacity 30079K, committed 30204K, reserved 1075200K
  class space    used 3729K, capacity 4113K, committed 4172K, reserved 1048576K
}
Event: 3,287 GC heap before
{Heap before GC invocations=7 (full 0):
 garbage-first heap   total 162816K, used 98213K [0x0000000084600000, 0x0000000100000000)
  region size 1024K, 95 young (97280K), 10 survivors (10240K)
 Metaspace       used 34644K, capacity 35673K, committed 36048K, reserved 1081344K
  class space    used 4648K, capacity 5058K, committed 5196K, reserved 1048576K
}
Event: 3,302 GC heap after
{Heap after GC invocations=8 (full 0):
 garbage-first heap   total 162816K, used 13741K [0x0000000084600000, 0x0000000100000000)
  region size 1024K, 7 young (7168K), 7 survivors (7168K)
 Metaspace       used 34644K, capacity 35673K, committed 36048K, reserved 1081344K
  class space    used 4648K, capacity 5058K, committed 5196K, reserved 1048576K
}
Event: 4,011 GC heap before
{Heap before GC invocations=9 (full 0):
 garbage-first heap   total 162816K, used 103853K [0x0000000084600000, 0x0000000100000000)
  region size 1024K, 95 young (97280K), 7 survivors (7168K)
 Metaspace       used 44721K, capacity 45923K, committed 46160K, reserved 1089536K
  class space    used 5846K, capacity 6314K, committed 6348K, reserved 1048576K
}
Event: 4,021 GC heap after
{Heap after GC invocations=10 (full 0):
 garbage-first heap   total 162816K, used 19460K [0x0000000084600000, 0x0000000100000000)
  region size 1024K, 11 young (11264K), 11 survivors (11264K)
 Metaspace       used 44721K, capacity 45923K, committed 46160K, reserved 1089536K
  class space    used 5846K, capacity 6314K, committed 6348K, reserved 1048576K
}
Event: 4,568 GC heap before
{Heap before GC invocations=10 (full 0):
 garbage-first heap   total 162816K, used 105476K [0x0000000084600000, 0x0000000100000000)
  region size 1024K, 95 young (97280K), 11 survivors (11264K)
 Metaspace       used 50190K, capacity 51403K, committed 51920K, reserved 1093632K
  class space    used 6645K, capacity 7110K, committed 7244K, reserved 1048576K
}
Event: 4,578 GC heap after
{Heap after GC invocations=11 (full 0):
 garbage-first heap   total 209920K, used 20495K [0x0000000084600000, 0x0000000100000000)
  region size 1024K, 7 young (7168K), 7 survivors (7168K)
 Metaspace       used 50190K, capacity 51403K, committed 51920K, reserved 1093632K
  class space    used 6645K, capacity 7110K, committed 7244K, reserved 1048576K
}
Event: 5,510 GC heap before
{Heap before GC invocations=11 (full 0):
 garbage-first heap   total 209920K, used 139279K [0x0000000084600000, 0x0000000100000000)
  region size 1024K, 123 young (125952K), 7 survivors (7168K)
 Metaspace       used 57286K, capacity 58807K, committed 59088K, reserved 1099776K
  class space    used 7553K, capacity 8145K, committed 8268K, reserved 1048576K
}
Event: 5,518 GC heap after
{Heap after GC invocations=12 (full 0):
 garbage-first heap   total 209920K, used 23349K [0x0000000084600000, 0x0000000100000000)
  region size 1024K, 10 young (10240K), 10 survivors (10240K)
 Metaspace       used 57286K, capacity 58807K, committed 59088K, reserved 1099776K
  class space    used 7553K, capacity 8145K, committed 8268K, reserved 1048576K
}
Event: 5,773 GC heap before
{Heap before GC invocations=12 (full 0):
 garbage-first heap   total 209920K, used 54069K [0x0000000084600000, 0x0000000100000000)
  region size 1024K, 41 young (41984K), 10 survivors (10240K)
 Metaspace       used 58801K, capacity 60319K, committed 60496K, reserved 1101824K
  class space    used 7747K, capacity 8323K, committed 8396K, reserved 1048576K
}
Event: 5,784 GC heap after
{Heap after GC invocations=13 (full 0):
 garbage-first heap   total 209920K, used 24756K [0x0000000084600000, 0x0000000100000000)
  region size 1024K, 6 young (6144K), 6 survivors (6144K)
 Metaspace       used 58801K, capacity 60319K, committed 60496K, reserved 1101824K
  class space    used 7747K, capacity 8323K, committed 8396K, reserved 1048576K
}
Event: 493,300 GC heap before
{Heap before GC invocations=14 (full 0):
 garbage-first heap   total 209920K, used 144564K [0x0000000084600000, 0x0000000100000000)
  region size 1024K, 123 young (125952K), 6 survivors (6144K)
 Metaspace       used 70180K, capacity 72116K, committed 72272K, reserved 1112064K
  class space    used 9109K, capacity 9849K, committed 9932K, reserved 1048576K
}
Event: 493,318 GC heap after
{Heap after GC invocations=15 (full 0):
 garbage-first heap   total 209920K, used 29104K [0x0000000084600000, 0x0000000100000000)
  region size 1024K, 10 young (10240K), 10 survivors (10240K)
 Metaspace       used 70180K, capacity 72116K, committed 72272K, reserved 1112064K
  class space    used 9109K, capacity 9849K, committed 9932K, reserved 1048576K
}

